{
  "builds": {},
  "reproductionBuggyBuild": {
    "reproductionDateBeginning": "Feb 15, 2020 6:14:12 PM",
    "reproductionDateEnd": "Feb 15, 2020 6:24:52 PM",
    "machineInfo": {
      "numberCPU": 1,
      "freeMemory": 79965544,
      "totalMemory": 433795072
    },
    "totalDuration": 634,
    "processDurations": {
      "cloning": {
        "nbSteps": 0,
        "totalDuration": 0,
        "stepNames": [],
        "stepDurations": []
      },
      "building": {
        "nbSteps": 3,
        "totalDuration": 2,
        "stepNames": [
          "ComputeSourceDir",
          "ComputeTestDir",
          "CheckoutPatchedBuild"
        ],
        "stepDurations": [
          0,
          2,
          0
        ]
      },
      "testing": {
        "nbSteps": 0,
        "totalDuration": 0,
        "stepNames": [],
        "stepDurations": []
      },
      "fixing": {
        "nbSteps": 1,
        "totalDuration": 459,
        "stepNames": [
          "AstorJKali"
        ],
        "stepDurations": [
          459
        ]
      }
    },
    "projectRootPomPath": "/scratch/dginelli/workspace/repairnator-repairnator-experiments-SabreOSS-yare-408436332-20180726-121837-firstCommit/pom.xml"
  },
  "repository": {
    "githubId": 0,
    "isFork": false,
    "original": {
      "name": "",
      "githubId": 0,
      "url": ""
    },
    "isPullRequest": false,
    "pullRequestId": 0
  },
  "patchDiff": {
    "files": {
      "numberAdded": 0,
      "numberChanged": 0,
      "numberDeleted": 0
    },
    "lines": {
      "numberAdded": 0,
      "numberDeleted": 0
    }
  },
  "tests": {
    "failingModule": "/scratch/dginelli/workspace/repairnator-repairnator-experiments-SabreOSS-yare-408436332-20180726-121837-firstCommit/yare-serializer/yare-serializer-json",
    "overallMetrics": {
      "numberRunning": 744,
      "numberPassing": 743,
      "numberFailing": 1,
      "numberErroring": 0,
      "numberSkipping": 0,
      "failures": [
        {
          "failureName": "java.lang.AssertionError",
          "isError": false,
          "occurrences": 1
        }
      ]
    },
    "failingClasses": [
      {
        "testClass": "com.sabre.oss.yare.serializer.json.schema.JsonSchemaTest",
        "numberRunning": 55,
        "numberPassing": 54,
        "numberFailing": 1,
        "numberErroring": 0,
        "numberSkipping": 0
      }
    ],
    "failureDetails": [
      {
        "testClass": "com.sabre.oss.yare.serializer.json.schema.JsonSchemaTest",
        "testMethod": "shouldRecognizeSchemaViolationForGivenInvalidRulesJson{String, String}[1]",
        "failureName": "java.lang.AssertionError",
        "detail": "\nExpecting:\n  \u003c[SchemaValidationError{violation\u003d\u0027Could not validate JSON. Exception JSONException has been thrown with message: A JSONArray text must start with \u0027[\u0027 at 3 [character 1 line 3]\u0027}]\u003e\nto contain exactly in any order:\n  \u003c[SchemaValidationError{violation\u003d\u0027Could not validate JSON. Exception JSONException has been thrown with message: A JSONArray text must start with \u0027[\u0027 at 5 [character 1 line 3]\u0027}]\u003e\nelements not found:\n  \u003c[SchemaValidationError{violation\u003d\u0027Could not validate JSON. Exception JSONException has been thrown with message: A JSONArray text must start with \u0027[\u0027 at 5 [character 1 line 3]\u0027}]\u003e\nand elements not expected:\n  \u003c[SchemaValidationError{violation\u003d\u0027Could not validate JSON. Exception JSONException has been thrown with message: A JSONArray text must start with \u0027[\u0027 at 3 [character 1 line 3]\u0027}]\u003e\n",
        "isError": false
      }
    ]
  },
  "projectMetrics": {
    "numberModules": 13,
    "numberPlugins": 0,
    "numberSourceFiles": 232,
    "numberTestFiles": 157,
    "numberLibrariesFailingModule": 37,
    "numberLines": 0
  },
  "commits": {}
}