ERROR StatusLogger No log4j2 configuration file found. Using default configuration: logging only errors to the console. Set system property 'log4j2.debug' to show Log4j2 internal initialization logging.
ERROR StatusLogger No log4j2 configuration file found. Using default configuration: logging only errors to the console. Set system property 'log4j2.debug' to show Log4j2 internal initialization logging.
-------------------------------------------------------------
[INFO] Building Java-OCA-OCPP common 0.5-SNAPSHOT
[INFO] ------------------------------------------------------------------------
[INFO] 
[INFO] --- maven-resources-plugin:2.6:resources (default-resources) @ common ---
[WARNING] Using platform encoding (UTF-8 actually) to copy filtered resources, i.e. build is platform dependent!
[INFO] skip non existing resourceDirectory /scratch/dginelli/workspace/repairnator-repairnator-experiments-ChargeTimeEU-Java-OCA-OCPP-342298612-20180216-123043-firstCommit/ocpp-common/src/main/resources
[INFO] 
[INFO] --- maven-compiler-plugin:3.5.1:compile (default-compile) @ common ---
[INFO] Changes detected - recompiling the module!
[WARNING] File encoding has not been set, using platform encoding UTF-8, i.e. build is platform dependent!
[INFO] Compiling 50 source files to /scratch/dginelli/workspace/repairnator-repairnator-experiments-ChargeTimeEU-Java-OCA-OCPP-342298612-20180216-123043-firstCommit/ocpp-common/target/classes
[INFO] /scratch/dginelli/workspace/repairnator-repairnator-experiments-ChargeTimeEU-Java-OCA-OCPP-342298612-20180216-123043-firstCommit/ocpp-common/src/main/java/eu/chargetime/ocpp/utilities/TestUtilities.java: Some input files use unchecked or unsafe operations.
[INFO] /scratch/dginelli/workspace/repairnator-repairnator-experiments-ChargeTimeEU-Java-OCA-OCPP-342298612-20180216-123043-firstCommit/ocpp-common/src/main/java/eu/chargetime/ocpp/utilities/TestUtilities.java: Recompile with -Xlint:unchecked for details.
[INFO] 
[INFO] --- maven-resources-plugin:2.6:testResources (default-testResources) @ common ---
[WARNING] Using platform encoding (UTF-8 actually) to copy filtered resources, i.e. build is platform dependent!
[INFO] skip non existing resourceDirectory /scratch/dginelli/workspace/repairnator-repairnator-experiments-ChargeTimeEU-Java-OCA-OCPP-342298612-20180216-123043-firstCommit/ocpp-common/src/test/resources
[INFO] 
[INFO] --- maven-compiler-plugin:3.5.1:testCompile (default-testCompile) @ common ---
[INFO] Nothing to compile - all classes are up to date
[INFO] 
[INFO] --- maven-surefire-plugin:2.17:test (default-test) @ common ---
[INFO] Surefire report directory: /scratch/dginelli/workspace/repairnator-repairnator-experiments-ChargeTimeEU-Java-OCA-OCPP-342298612-20180216-123043-firstCommit/ocpp-common/target/surefire-reports
[INFO] Downloading: https://repo.maven.apache.org/maven2/org/apache/maven/surefire/surefire-junit4/2.17/surefire-junit4-2.17.pom
[INFO] Downloaded: https://repo.maven.apache.org/maven2/org/apache/maven/surefire/surefire-junit4/2.17/surefire-junit4-2.17.pom (3 KB at 6.5 KB/sec)
[INFO] Downloading: https://repo.maven.apache.org/maven2/org/apache/maven/surefire/surefire-providers/2.17/surefire-providers-2.17.pom
[INFO] Downloaded: https://repo.maven.apache.org/maven2/org/apache/maven/surefire/surefire-providers/2.17/surefire-providers-2.17.pom (3 KB at 66.4 KB/sec)
[INFO] Downloading: https://repo.maven.apache.org/maven2/org/apache/maven/surefire/surefire-junit4/2.17/surefire-junit4-2.17.jar
[INFO] Downloaded: https://repo.maven.apache.org/maven2/org/apache/maven/surefire/surefire-junit4/2.17/surefire-junit4-2.17.jar (63 KB at 1029.7 KB/sec)

-------------------------------------------------------
 T E S T S
-------------------------------------------------------
Running eu.chargetime.ocpp.utilities.test.ModelUtilTest
Tests run: 8, Failures: 0, Errors: 0, Skipped: 0, Time elapsed: 0.085 sec - in eu.chargetime.ocpp.utilities.test.ModelUtilTest
Running eu.chargetime.ocpp.test.QueueTest
Tests run: 5, Failures: 0, Errors: 0, Skipped: 0, Time elapsed: 0.648 sec - in eu.chargetime.ocpp.test.QueueTest
Running eu.chargetime.ocpp.test.SimpleRequestDispatcherTest
Tests run: 1, Failures: 0, Errors: 0, Skipped: 0, Time elapsed: 0.13 sec - in eu.chargetime.ocpp.test.SimpleRequestDispatcherTest
Running eu.chargetime.ocpp.test.ClientTest
Tests run: 8, Failures: 0, Errors: 0, Skipped: 0, Time elapsed: 0.083 sec - in eu.chargetime.ocpp.test.ClientTest
Running eu.chargetime.ocpp.test.CommunicatorTest
Tests run: 6, Failures: 0, Errors: 0, Skipped: 0, Time elapsed: 1.455 sec - in eu.chargetime.ocpp.test.CommunicatorTest
Running eu.chargetime.ocpp.test.SessionTest
Tests run: 10, Failures: 0, Errors: 0, Skipped: 0, Time elapsed: 0.071 sec - in eu.chargetime.ocpp.test.SessionTest
Running eu.chargetime.ocpp.test.ServerTest
Tests run: 5, Failures: 0, Errors: 0, Skipped: 0, Time elapsed: 0.047 sec - in eu.chargetime.ocpp.test.ServerTest

Results :

Tests run: 43, Failures: 0, Errors: 0, Skipped: 0

[INFO]                                                                         
[INFO] ------------------------------------------------------------------------
[INFO] Building Java-OCA-OCPP v1.6 0.5-SNAPSHOT
[INFO] ------------------------------------------------------------------------
[INFO] 
[INFO] --- maven-resources-plugin:2.6:resources (default-resources) @ v1_6 ---
[WARNING] Using platform encoding (UTF-8 actually) to copy filtered resources, i.e. build is platform dependent!
[INFO] Copying 2 resources
[INFO] 
[INFO] --- maven-compiler-plugin:3.5.1:compile (default-compile) @ v1_6 ---
[INFO] Nothing to compile - all classes are up to date
[INFO] 
[INFO] --- maven-resources-plugin:2.6:testResources (default-testResources) @ v1_6 ---
[WARNING] Using platform encoding (UTF-8 actually) to copy filtered resources, i.e. build is platform dependent!
[INFO] skip non existing resourceDirectory /scratch/dginelli/workspace/repairnator-repairnator-experiments-ChargeTimeEU-Java-OCA-OCPP-342298612-20180216-123043-firstCommit/ocpp-v1_6/src/test/resources
[INFO] 
[INFO] --- maven-compiler-plugin:3.5.1:testCompile (default-testCompile) @ v1_6 ---
[INFO] Nothing to compile - all classes are up to date
[INFO] 
[INFO] --- maven-surefire-plugin:2.17:test (default-test) @ v1_6 ---
[INFO] Surefire report directory: /scratch/dginelli/workspace/repairnator-repairnator-experiments-ChargeTimeEU-Java-OCA-OCPP-342298612-20180216-123043-firstCommit/ocpp-v1_6/target/surefire-reports

-------------------------------------------------------
 T E S T S
-------------------------------------------------------
Running eu.chargetime.ocpp.model.localauthlist.test.SendLocalListConfirmationTest
Tests run: 3, Failures: 0, Errors: 0, Skipped: 0, Time elapsed: 0.185 sec - in eu.chargetime.ocpp.model.localauthlist.test.SendLocalListConfirmationTest
Running eu.chargetime.ocpp.model.localauthlist.test.GetLocalListVersionConfirmationTest
Tests run: 6, Failures: 0, Errors: 0, Skipped: 0, Time elapsed: 0.017 sec - in eu.chargetime.ocpp.model.localauthlist.test.GetLocalListVersionConfirmationTest
Running eu.chargetime.ocpp.model.localauthlist.test.GetLocalListVersionRequestTest
Tests run: 1, Failures: 0, Errors: 0, Skipped: 0, Time elapsed: 0.012 sec - in eu.chargetime.ocpp.model.localauthlist.test.GetLocalListVersionRequestTest
Running eu.chargetime.ocpp.model.localauthlist.test.SendLocalListRequestTest
Tests run: 7, Failures: 0, Errors: 0, Skipped: 0, Time elapsed: 0.225 sec - in eu.chargetime.ocpp.model.localauthlist.test.SendLocalListRequestTest
Running eu.chargetime.ocpp.model.test.HeartbeatConfirmationTest
Tests run: 3, Failures: 0, Errors: 0, Skipped: 0, Time elapsed: 0.017 sec - in eu.chargetime.ocpp.model.test.HeartbeatConfirmationTest
Running eu.chargetime.ocpp.model.test.StatusNotificationRequestTest
Tests run: 14, Failures: 0, Errors: 0, Skipped: 0, Time elapsed: 0.016 sec - in eu.chargetime.ocpp.model.test.StatusNotificationRequestTest
Running eu.chargetime.ocpp.model.test.ChangeConfigurationConfirmationTest
Tests run: 3, Failures: 0, Errors: 0, Skipped: 0, Time elapsed: 0.004 sec - in eu.chargetime.ocpp.model.test.ChangeConfigurationConfirmationTest
Running eu.chargetime.ocpp.model.test.AuthorizeRequestTest
Tests run: 5, Failures: 0, Errors: 0, Skipped: 0, Time elapsed: 0.004 sec - in eu.chargetime.ocpp.model.test.AuthorizeRequestTest
Running eu.chargetime.ocpp.model.test.StartTransactionConfirmationTest
Tests run: 5, Failures: 0, Errors: 0, Skipped: 0, Time elapsed: 0.026 sec - in eu.chargetime.ocpp.model.test.StartTransactionConfirmationTest
Running eu.chargetime.ocpp.model.test.BootNotificationConfirmationTest
Tests run: 6, Failures: 0, Errors: 0, Skipped: 0, Time elapsed: 0.006 sec - in eu.chargetime.ocpp.model.test.BootNotificationConfirmationTest
Running eu.chargetime.ocpp.model.test.RemoteStartTransactionRequestTest
Tests run: 9, Failures: 0, Errors: 0, Skipped: 0, Time elapsed: 0.042 sec - in eu.chargetime.ocpp.model.test.RemoteStartTransactionRequestTest
Running eu.chargetime.ocpp.model.test.TriggerMessageRequestTest
Tests run: 5, Failures: 0, Errors: 0, Skipped: 0, Time elapsed: 0.009 sec - in eu.chargetime.ocpp.model.test.TriggerMessageRequestTest
Running eu.chargetime.ocpp.model.test.UnlockConnectorRequestTest
Tests run: 5, Failures: 0, Errors: 0, Skipped: 0, Time elapsed: 0.004 sec - in eu.chargetime.ocpp.model.test.UnlockConnectorRequestTest
Running eu.chargetime.ocpp.model.test.RemoteStopTransactionConfirmationTest
Tests run: 3, Failures: 0, Errors: 0, Skipped: 0, Time elapsed: 0.002 sec - in eu.chargetime.ocpp.model.test.RemoteStopTransactionConfirmationTest
Running eu.chargetime.ocpp.model.test.DataTransferConfirmationTest
Tests run: 4, Failures: 0, Errors: 0, Skipped: 0, Time elapsed: 0.011 sec - in eu.chargetime.ocpp.model.test.DataTransferConfirmationTest
Running eu.chargetime.ocpp.model.test.GetConfigurationConfirmationTest
Tests run: 8, Failures: 0, Errors: 0, Skipped: 0, Time elapsed: 0.02 sec - in eu.chargetime.ocpp.model.test.GetConfigurationConfirmationTest
Running eu.chargetime.ocpp.model.test.SetChargingProfileRequestTest
Tests run: 2, Failures: 0, Errors: 0, Skipped: 0, Time elapsed: 0.002 sec - in eu.chargetime.ocpp.model.test.SetChargingProfileRequestTest
Running eu.chargetime.ocpp.model.test.ChargingScheduleTest
Tests run: 8, Failures: 0, Errors: 0, Skipped: 0, Time elapsed: 0.023 sec - in eu.chargetime.ocpp.model.test.ChargingScheduleTest
Running eu.chargetime.ocpp.model.test.BootNotificationRequestTest
Tests run: 21, Failures: 0, Errors: 0, Skipped: 0, Time elapsed: 0.022 sec - in eu.chargetime.ocpp.model.test.BootNotificationRequestTest
Running eu.chargetime.ocpp.model.test.ClearCacheRequestTest
Tests run: 2, Failures: 0, Errors: 0, Skipped: 0, Time elapsed: 0.021 sec - in eu.chargetime.ocpp.model.test.ClearCacheRequestTest
Running eu.chargetime.ocpp.model.test.IdTagInfoTest
Tests run: 2, Failures: 0, Errors: 0, Skipped: 0, Time elapsed: 0.001 sec - in eu.chargetime.ocpp.model.test.IdTagInfoTest
Running eu.chargetime.ocpp.model.test.ChangeAvailabilityRequestTest
Tests run: 9, Failures: 0, Errors: 0, Skipped: 0, Time elapsed: 0.013 sec - in eu.chargetime.ocpp.model.test.ChangeAvailabilityRequestTest
Running eu.chargetime.ocpp.model.test.SampledValueTest
Tests run: 69, Failures: 0, Errors: 0, Skipped: 0, Time elapsed: 0.433 sec - in eu.chargetime.ocpp.model.test.SampledValueTest
Running eu.chargetime.ocpp.model.test.MeterValuesRequestTest
Tests run: 8, Failures: 0, Errors: 0, Skipped: 0, Time elapsed: 0.016 sec - in eu.chargetime.ocpp.model.test.MeterValuesRequestTest
Running eu.chargetime.ocpp.model.test.MeterValuesConfirmationTest
Tests run: 1, Failures: 0, Errors: 0, Skipped: 0, Time elapsed: 0.001 sec - in eu.chargetime.ocpp.model.test.MeterValuesConfirmationTest
Running eu.chargetime.ocpp.model.test.StopTransactionRequestTest
Tests run: 11, Failures: 0, Errors: 0, Skipped: 0, Time elapsed: 0.003 sec - in eu.chargetime.ocpp.model.test.StopTransactionRequestTest
Running eu.chargetime.ocpp.model.test.ChangeConfigurationRequestTest
Tests run: 9, Failures: 0, Errors: 0, Skipped: 0, Time elapsed: 0.003 sec - in eu.chargetime.ocpp.model.test.ChangeConfigurationRequestTest
Running eu.chargetime.ocpp.model.test.MeterValueTest
Tests run: 4, Failures: 0, Errors: 0, Skipped: 0, Time elapsed: 0.008 sec - in eu.chargetime.ocpp.model.test.MeterValueTest
Running eu.chargetime.ocpp.model.test.GetConfigurationRequestTest
Tests run: 6, Failures: 0, Errors: 0, Skipped: 0, Time elapsed: 0.004 sec - in eu.chargetime.ocpp.model.test.GetConfigurationRequestTest
Running eu.chargetime.ocpp.model.test.KeyValueTypeTest
Tests run: 10, Failures: 0, Errors: 0, Skipped: 0, Time elapsed: 0.013 sec - in eu.chargetime.ocpp.model.test.KeyValueTypeTest
Running eu.chargetime.ocpp.model.test.RemoteStopTransactionRequestTest
Tests run: 4, Failures: 0, Errors: 0, Skipped: 0, Time elapsed: 0.003 sec - in eu.chargetime.ocpp.model.test.RemoteStopTransactionRequestTest
Running eu.chargetime.ocpp.model.test.AuthorizeConfirmationTest
Tests run: 2, Failures: 0, Errors: 0, Skipped: 0, Time elapsed: 0.005 sec - in eu.chargetime.ocpp.model.test.AuthorizeConfirmationTest
Running eu.chargetime.ocpp.model.test.ChangeAvailabilityConfirmationTest
Tests run: 3, Failures: 0, Errors: 0, Skipped: 0, Time elapsed: 0.013 sec - in eu.chargetime.ocpp.model.test.ChangeAvailabilityConfirmationTest
Running eu.chargetime.ocpp.model.test.UnlockConnectorConfirmationTest
Tests run: 3, Failures: 0, Errors: 0, Skipped: 0, Time elapsed: 0.002 sec - in eu.chargetime.ocpp.model.test.UnlockConnectorConfirmationTest
Running eu.chargetime.ocpp.model.test.TriggerMessageConfirmationTest
Tests run: 2, Failures: 0, Errors: 0, Skipped: 0, Time elapsed: 0.001 sec - in eu.chargetime.ocpp.model.test.TriggerMessageConfirmationTest
Running eu.chargetime.ocpp.model.test.StopTransactionConfirmationTest
Tests run: 4, Failures: 0, Errors: 0, Skipped: 0, Time elapsed: 0.002 sec - in eu.chargetime.ocpp.model.test.StopTransactionConfirmationTest
Running eu.chargetime.ocpp.model.test.StartTransactionRequestTest
Tests run: 11, Failures: 0, Errors: 0, Skipped: 0, Time elapsed: 0.003 sec - in eu.chargetime.ocpp.model.test.StartTransactionRequestTest
Running eu.chargetime.ocpp.model.test.ResetConfirmationTest
Tests run: 3, Failures: 0, Errors: 0, Skipped: 0, Time elapsed: 0.001 sec - in eu.chargetime.ocpp.model.test.ResetConfirmationTest
Running eu.chargetime.ocpp.model.test.SetChargingProfileConfirmationTest
Tests run: 2, Failures: 0, Errors: 0, Skipped: 0, Time elapsed: 0.005 sec - in eu.chargetime.ocpp.model.test.SetChargingProfileConfirmationTest
Running eu.chargetime.ocpp.model.test.RemoteStartTransactionConfirmationTest
Tests run: 3, Failures: 0, Errors: 0, Skipped: 0, Time elapsed: 0.001 sec - in eu.chargetime.ocpp.model.test.RemoteStartTransactionConfirmationTest
Running eu.chargetime.ocpp.model.test.HeartbeatRequestTest
Tests run: 2, Failures: 0, Errors: 0, Skipped: 0, Time elapsed: 0.005 sec - in eu.chargetime.ocpp.model.test.HeartbeatRequestTest
Running eu.chargetime.ocpp.model.test.ChargingSchedulePeriodTest
Tests run: 5, Failures: 0, Errors: 0, Skipped: 0, Time elapsed: 0.003 sec - in eu.chargetime.ocpp.model.test.ChargingSchedulePeriodTest
Running eu.chargetime.ocpp.model.test.StatusNotificationConfirmationTest
Tests run: 1, Failures: 0, Errors: 0, Skipped: 0, Time elapsed: 0.001 sec - in eu.chargetime.ocpp.model.test.StatusNotificationConfirmationTest
Running eu.chargetime.ocpp.model.test.DataTransferRequestTest
Tests run: 8, Failures: 0, Errors: 0, Skipped: 0, Time elapsed: 0.013 sec - in eu.chargetime.ocpp.model.test.DataTransferRequestTest
Running eu.chargetime.ocpp.model.test.ChargingProfileTest
Tests run: 13, Failures: 0, Errors: 0, Skipped: 0, Time elapsed: 0.016 sec - in eu.chargetime.ocpp.model.test.ChargingProfileTest
Running eu.chargetime.ocpp.model.test.ClearCacheConfirmationTest
Tests run: 3, Failures: 0, Errors: 0, Skipped: 0, Time elapsed: 0.002 sec - in eu.chargetime.ocpp.model.test.ClearCacheConfirmationTest
Running eu.chargetime.ocpp.model.test.ResetRequestTest
Tests run: 4, Failures: 0, Errors: 0, Skipped: 0, Time elapsed: 0.004 sec - in eu.chargetime.ocpp.model.test.ResetRequestTest
Running eu.chargetime.ocpp.model.firmware.test.GetDiagnosticsRequestTest
Tests run: 2, Failures: 0, Errors: 0, Skipped: 0, Time elapsed: 0.002 sec - in eu.chargetime.ocpp.model.firmware.test.GetDiagnosticsRequestTest
Running eu.chargetime.ocpp.model.firmware.test.GetDiagnosticsConfirmationTest
Tests run: 3, Failures: 0, Errors: 0, Skipped: 0, Time elapsed: 0.001 sec - in eu.chargetime.ocpp.model.firmware.test.GetDiagnosticsConfirmationTest
Running eu.chargetime.ocpp.feature.profile.test.ServerRemoteTriggerProfileTest
Tests run: 3, Failures: 0, Errors: 0, Skipped: 0, Time elapsed: 0.003 sec - in eu.chargetime.ocpp.feature.profile.test.ServerRemoteTriggerProfileTest
Running eu.chargetime.ocpp.feature.profile.test.ServerCoreProfileTest
Tests run: 33, Failures: 0, Errors: 0, Skipped: 0, Time elapsed: 0.091 sec - in eu.chargetime.ocpp.feature.profile.test.ServerCoreProfileTest
Running eu.chargetime.ocpp.feature.profile.test.ServerSmartChargingProfileTest
Tests run: 2, Failures: 0, Errors: 0, Skipped: 0, Time elapsed: 0.003 sec - in eu.chargetime.ocpp.feature.profile.test.ServerSmartChargingProfileTest
Running eu.chargetime.ocpp.feature.profile.test.ClientFirmwareManagementProfileTest
Tests run: 2, Failures: 0, Errors: 0, Skipped: 0, Time elapsed: 0.005 sec - in eu.chargetime.ocpp.feature.profile.test.ClientFirmwareManagementProfileTest
Running eu.chargetime.ocpp.feature.profile.test.ClientLocalAuthListProfileTest
Tests run: 2, Failures: 0, Errors: 0, Skipped: 0, Time elapsed: 0.014 sec - in eu.chargetime.ocpp.feature.profile.test.ClientLocalAuthListProfileTest
Running eu.chargetime.ocpp.feature.profile.test.ClientRemoteTriggerProfileTest
Tests run: 2, Failures: 0, Errors: 0, Skipped: 0, Time elapsed: 0.013 sec - in eu.chargetime.ocpp.feature.profile.test.ClientRemoteTriggerProfileTest
Running eu.chargetime.ocpp.feature.profile.test.ClientSmartChargingProfileTest
Tests run: 2, Failures: 0, Errors: 0, Skipped: 0, Time elapsed: 0.01 sec - in eu.chargetime.ocpp.feature.profile.test.ClientSmartChargingProfileTest
Running eu.chargetime.ocpp.feature.profile.test.ClientCoreProfileTest
Tests run: 37, Failures: 0, Errors: 0, Skipped: 0, Time elapsed: 0.048 sec - in eu.chargetime.ocpp.feature.profile.test.ClientCoreProfileTest
Running eu.chargetime.ocpp.feature.profile.test.ServerFirmwareManagementProfileTest
Tests run: 1, Failures: 0, Errors: 0, Skipped: 0, Time elapsed: 0.001 sec - in eu.chargetime.ocpp.feature.profile.test.ServerFirmwareManagementProfileTest
Running eu.chargetime.ocpp.test.SOAPCommunicatorTest
Tests run: 15, Failures: 0, Errors: 1, Skipped: 0, Time elapsed: 0.362 sec <<< FAILURE! - in eu.chargetime.ocpp.test.SOAPCommunicatorTest
unpackPayload_bootNotificationCallResultPayload_returnBootNotificationConfirmation(eu.chargetime.ocpp.test.SOAPCommunicatorTest)  Time elapsed: 0.138 sec  <<< ERROR!
java.lang.NullPointerException: null
	at eu.chargetime.ocpp.test.SOAPCommunicatorTest.unpackPayload_bootNotificationCallResultPayload_returnBootNotificationConfirmation(SOAPCommunicatorTest.java:275)

Running eu.chargetime.ocpp.test.TimeoutSessionTest
Tests run: 6, Failures: 0, Errors: 0, Skipped: 0, Time elapsed: 0.129 sec - in eu.chargetime.ocpp.test.TimeoutSessionTest
Running eu.chargetime.ocpp.test.JSONCommunicatorTest
Tests run: 18, Failures: 0, Errors: 0, Skipped: 0, Time elapsed: 0.112 sec - in eu.chargetime.ocpp.test.JSONCommunicatorTest

Results :

Tests in error: 
  SOAPCommunicatorTest.unpackPayload_bootNotificationCallResultPayload_returnBootNotificationConfirmation:275 NullPointer

Tests run: 450, Failures: 0, Errors: 1, Skipped: 0

[INFO] ------------------------------------------------------------------------
[INFO] Reactor Summary:
[INFO] 
[INFO] Java-OCA-OCPP common ............................... SUCCESS [  7.700 s]
[INFO] Java-OCA-OCPP v1.6 ................................. FAILURE [  2.724 s]
[INFO] Java-OCA-OCPP v1.6 - Integration test .............. SKIPPED
[INFO] Java-OCA-OCPP ...................................... SKIPPED
[INFO] ------------------------------------------------------------------------
[INFO] BUILD FAILURE
[INFO] ------------------------------------------------------------------------
[INFO] Total time: 10.663 s
[INFO] Finished at: 2020-03-17T16:33:43+01:00
[INFO] Final Memory: 22M/67M
[INFO] ------------------------------------------------------------------------
[ERROR] Failed to execute goal org.apache.maven.plugins:maven-surefire-plugin:2.17:test (default-test) on project v1_6: There are test failures.
[ERROR] 
[ERROR] Please refer to /scratch/dginelli/workspace/repairnator-repairnator-experiments-ChargeTimeEU-Java-OCA-OCPP-342298612-20180216-123043-firstCommit/ocpp-v1_6/target/surefire-reports for the individual test results.
[ERROR] -> [Help 1]
org.apache.maven.lifecycle.LifecycleExecutionException: Failed to execute goal org.apache.maven.plugins:maven-surefire-plugin:2.17:test (default-test) on project v1_6: There are test failures.

Please refer to /scratch/dginelli/workspace/repairnator-repairnator-experiments-ChargeTimeEU-Java-OCA-OCPP-342298612-20180216-123043-firstCommit/ocpp-v1_6/target/surefire-reports for the individual test results.
	at org.apache.maven.lifecycle.internal.MojoExecutor.execute(MojoExecutor.java:212)
	at org.apache.maven.lifecycle.internal.MojoExecutor.execute(MojoExecutor.java:153)
	at org.apache.maven.lifecycle.internal.MojoExecutor.execute(MojoExecutor.java:145)
	at org.apache.maven.lifecycle.internal.LifecycleModuleBuilder.buildProject(LifecycleModuleBuilder.java:116)
	at org.apache.maven.lifecycle.internal.LifecycleModuleBuilder.buildProject(LifecycleModuleBuilder.java:80)
	at org.apache.maven.lifecycle.internal.builder.singlethreaded.SingleThreadedBuilder.build(SingleThreadedBuilder.java:51)
	at org.apache.maven.lifecycle.internal.LifecycleStarter.execute(LifecycleStarter.java:128)
	at org.apache.maven.DefaultMaven.doExecute(DefaultMaven.java:307)
	at org.apache.maven.DefaultMaven.doExecute(DefaultMaven.java:193)
	at org.apache.maven.DefaultMaven.execute(DefaultMaven.java:106)
	at org.apache.maven.cli.MavenCli.execute(MavenCli.java:863)
	at org.apache.maven.cli.MavenCli.doMain(MavenCli.java:288)
	at org.apache.maven.cli.MavenCli.main(MavenCli.java:199)
	at sun.reflect.NativeMethodAccessorImpl.invoke0(Native Method)
	at sun.reflect.NativeMethodAccessorImpl.invoke(NativeMethodAccessorImpl.java:62)
	at sun.reflect.DelegatingMethodAccessorImpl.invoke(DelegatingMethodAccessorImpl.java:43)
	at java.lang.reflect.Method.invoke(Method.java:498)
	at org.codehaus.plexus.classworlds.launcher.Launcher.launchEnhanced(Launcher.java:289)
	at org.codehaus.plexus.classworlds.launcher.Launcher.launch(Launcher.java:229)
	at org.codehaus.plexus.classworlds.launcher.Launcher.mainWithExitCode(Launcher.java:415)
	at org.codehaus.plexus.classworlds.launcher.Launcher.main(Launcher.java:356)
Caused by: org.apache.maven.plugin.MojoFailureException: There are test failures.

Please refer to /scratch/dginelli/workspace/repairnator-repairnator-experiments-ChargeTimeEU-Java-OCA-OCPP-342298612-20180216-123043-firstCommit/ocpp-v1_6/target/surefire-reports for the individual test results.
	at org.apache.maven.plugin.surefire.SurefireHelper.reportExecution(SurefireHelper.java:82)
	at org.apache.maven.plugin.surefire.SurefirePlugin.handleSummary(SurefirePlugin.java:195)
	at org.apache.maven.plugin.surefire.AbstractSurefireMojo.executeAfterPreconditionsChecked(AbstractSurefireMojo.java:861)
	at org.apache.maven.plugin.surefire.AbstractSurefireMojo.execute(AbstractSurefireMojo.java:729)
	at org.apache.maven.plugin.DefaultBuildPluginManager.executeMojo(DefaultBuildPluginManager.java:134)
	at org.apache.maven.lifecycle.internal.MojoExecutor.execute(MojoExecutor.java:207)
	... 20 more
[ERROR] 
[ERROR] Re-run Maven using the -X switch to enable full debug logging.
[ERROR] 
[ERROR] For more information about the errors and possible solutions, please read the following articles:
[ERROR] [Help 1] http://cwiki.apache.org/confluence/display/MAVEN/MojoFailureException
[ERROR] 
[ERROR] After correcting the problems, you can resume the build with the command
[ERROR]   mvn <goals> -rf :v1_6
