[INFO] Error stacktraces are turned on.
[INFO] Scanning for projects...
[INFO] ------------------------------------------------------------------------
[INFO] Reactor Build Order:
[INFO] 
[INFO] Bobcat
[INFO] Bobcat Annotations
[INFO] Bobcat Core
[INFO] Bobcat Junit
[INFO] Bobcat Reports
[INFO] Bobcat Core Tests
[INFO] Bobcat Cumber
[INFO] Bobcat Email
[INFO] Bobcat Traffic
[INFO] Bobcat AEM Common
[INFO] Bobcat AEM Classic
[INFO] Bobcat AEM Touch UI
[INFO]                                                                         
[INFO] ------------------------------------------------------------------------
[INFO] Building Bobcat 1.4.1-SNAPSHOT
[INFO] ------------------------------------------------------------------------
[INFO]                                                                         
[INFO] ------------------------------------------------------------------------
[INFO] Building Bobcat Annotations 1.4.1-SNAPSHOT
[INFO] ------------------------------------------------------------------------
[INFO] 
[INFO] --- apache-rat-plugin:0.12:check (default) @ bb-annotations ---
[INFO] RAT will not execute since it is configured to be skipped via system property 'rat.skip'.
[INFO] 
[INFO] --- maven-resources-plugin:2.6:resources (default-resources) @ bb-annotations ---
[INFO] Using 'UTF-8' encoding to copy filtered resources.
[INFO] Copying 1 resource
[INFO] 
[INFO] --- maven-compiler-plugin:3.3:compile (default-compile) @ bb-annotations ---
[INFO] Nothing to compile - all classes are up to date
[INFO] 
[INFO] --- maven-resources-plugin:2.6:testResources (default-testResources) @ bb-annotations ---
[INFO] Using 'UTF-8' encoding to copy filtered resources.
[INFO] skip non existing resourceDirectory /scratch/dginelli/workspace/repairnator-repairnator-experiments-Cognifide-bobcat-398189758-20180629-125213-firstCommit/bb-annotations/src/test/resources
[INFO] 
[INFO] --- maven-compiler-plugin:3.3:testCompile (default-testCompile) @ bb-annotations ---
[INFO] No sources to compile
[INFO] 
[INFO] --- maven-surefire-plugin:2.17:test (default-test) @ bb-annotations ---
[INFO] No tests to run.
[INFO]                                                                         
[INFO] ------------------------------------------------------------------------
[INFO] Building Bobcat Core 1.4.1-SNAPSHOT
[INFO] ------------------------------------------------------------------------
[INFO] 
[INFO] --- apache-rat-plugin:0.12:check (default) @ bb-core ---
[INFO] RAT will not execute since it is configured to be skipped via system property 'rat.skip'.
[INFO] 
[INFO] --- jacoco-maven-plugin:0.7.7.201606060606:prepare-agent (default-prepare-agent) @ bb-core ---
[INFO] Skipping JaCoCo execution because property jacoco.skip is set.
[INFO] argLine set to empty
[INFO] 
[INFO] --- maven-resources-plugin:2.6:resources (default-resources) @ bb-core ---
[INFO] Using 'UTF-8' encoding to copy filtered resources.
[INFO] Copying 2 resources
[INFO] 
[INFO] --- maven-compiler-plugin:3.3:compile (default-compile) @ bb-core ---
[INFO] Nothing to compile - all classes are up to date
[INFO] 
[INFO] --- maven-resources-plugin:2.6:testResources (default-testResources) @ bb-core ---
[INFO] Using 'UTF-8' encoding to copy filtered resources.
[INFO] Copying 1 resource
[INFO] 
[INFO] --- maven-compiler-plugin:3.3:testCompile (default-testCompile) @ bb-core ---
[INFO] Nothing to compile - all classes are up to date
[INFO] 
[INFO] --- maven-surefire-plugin:2.17:test (default-test) @ bb-core ---
[INFO] Surefire report directory: /scratch/dginelli/workspace/repairnator-repairnator-experiments-Cognifide-bobcat-398189758-20180629-125213-firstCommit/bb-core/target/surefire-reports
[INFO] Downloading: https://repo.maven.apache.org/maven2/org/apache/maven/surefire/surefire-junit4/2.17/surefire-junit4-2.17.pom
[INFO] Downloaded: https://repo.maven.apache.org/maven2/org/apache/maven/surefire/surefire-junit4/2.17/surefire-junit4-2.17.pom (3 KB at 5.2 KB/sec)
[INFO] Downloading: https://repo.maven.apache.org/maven2/org/apache/maven/surefire/surefire-providers/2.17/surefire-providers-2.17.pom
[INFO] Downloaded: https://repo.maven.apache.org/maven2/org/apache/maven/surefire/surefire-providers/2.17/surefire-providers-2.17.pom (3 KB at 96.8 KB/sec)
[INFO] Downloading: https://repo.maven.apache.org/maven2/org/apache/maven/surefire/surefire-junit4/2.17/surefire-junit4-2.17.jar
[INFO] Downloaded: https://repo.maven.apache.org/maven2/org/apache/maven/surefire/surefire-junit4/2.17/surefire-junit4-2.17.jar (63 KB at 1121.6 KB/sec)

-------------------------------------------------------
 T E S T S
-------------------------------------------------------
Running com.cognifide.qa.bb.provider.selenium.webdriver.modifiers.WebDriverModifiersTest
Tests run: 2, Failures: 0, Errors: 0, Skipped: 0, Time elapsed: 1.335 sec - in com.cognifide.qa.bb.provider.selenium.webdriver.modifiers.WebDriverModifiersTest
Running com.cognifide.qa.bb.provider.selenium.webdriver.close.ClosingAwareWebDriverWrapperTest
Tests run: 8, Failures: 0, Errors: 0, Skipped: 0, Time elapsed: 1.652 sec - in com.cognifide.qa.bb.provider.selenium.webdriver.close.ClosingAwareWebDriverWrapperTest
Running com.cognifide.qa.bb.provider.selenium.DesiredCapabilitiesProviderTest
Tests run: 3, Failures: 0, Errors: 0, Skipped: 0, Time elapsed: 0.346 sec - in com.cognifide.qa.bb.provider.selenium.DesiredCapabilitiesProviderTest
Running com.cognifide.qa.bb.frame.FrameAspectTest
[MockitoHint] FrameAspectTest.shouldInvokeMethodWithoutChangingFrameWhenMethodComesFromObject (see javadoc for MockitoHint):
[MockitoHint] 1. Unused -> at com.cognifide.qa.bb.frame.FrameAspectTest.setUp(FrameAspectTest.java:71)

Tests run: 3, Failures: 0, Errors: 0, Skipped: 0, Time elapsed: 0.23 sec - in com.cognifide.qa.bb.frame.FrameAspectTest
Running com.cognifide.qa.bb.frame.FrameSwitcherTest
[MockitoHint] FrameSwitcherTest.shouldPutFrameOnStackById (see javadoc for MockitoHint):
[MockitoHint] 1. Unused -> at com.cognifide.qa.bb.frame.FrameSwitcherTest.setUp(FrameSwitcherTest.java:74)
[MockitoHint] 2. Unused -> at com.cognifide.qa.bb.frame.FrameSwitcherTest.setUp(FrameSwitcherTest.java:75)

[MockitoHint] FrameSwitcherTest.shouldSwitchBackWhenThereIsAtLeastTwoFramesOnDeque (see javadoc for MockitoHint):
[MockitoHint] 1. Unused -> at com.cognifide.qa.bb.frame.FrameSwitcherTest.setUp(FrameSwitcherTest.java:75)

[MockitoHint] FrameSwitcherTest.shouldHaveAtLeastOneElementInDequeOnConstruction (see javadoc for MockitoHint):
[MockitoHint] 1. Unused -> at com.cognifide.qa.bb.frame.FrameSwitcherTest.setUp(FrameSwitcherTest.java:74)
[MockitoHint] 2. Unused -> at com.cognifide.qa.bb.frame.FrameSwitcherTest.setUp(FrameSwitcherTest.java:75)

[MockitoHint] FrameSwitcherTest.shouldPutFrameOnStackByName (see javadoc for MockitoHint):
[MockitoHint] 1. Unused -> at com.cognifide.qa.bb.frame.FrameSwitcherTest.setUp(FrameSwitcherTest.java:74)
[MockitoHint] 2. Unused -> at com.cognifide.qa.bb.frame.FrameSwitcherTest.setUp(FrameSwitcherTest.java:75)

[MockitoHint] FrameSwitcherTest.shouldSwitchBetweenFramesAndProvidedFrameShouldBeOnHead (see javadoc for MockitoHint):
[MockitoHint] 1. Unused -> at com.cognifide.qa.bb.frame.FrameSwitcherTest.setUp(FrameSwitcherTest.java:75)

[MockitoHint] FrameSwitcherTest.shouldNotSwitchBackWhenThereAreNotEnoughFramesOnDeque (see javadoc for MockitoHint):
[MockitoHint] 1. Unused -> at com.cognifide.qa.bb.frame.FrameSwitcherTest.setUp(FrameSwitcherTest.java:74)
[MockitoHint] 2. Unused -> at com.cognifide.qa.bb.frame.FrameSwitcherTest.setUp(FrameSwitcherTest.java:75)

Tests run: 7, Failures: 0, Errors: 0, Skipped: 0, Time elapsed: 0.14 sec - in com.cognifide.qa.bb.frame.FrameSwitcherTest
Running com.cognifide.qa.bb.scope.CurrentScopeHelperTest
Tests run: 6, Failures: 0, Errors: 0, Skipped: 0, Time elapsed: 0.113 sec - in com.cognifide.qa.bb.scope.CurrentScopeHelperTest
Running com.cognifide.qa.bb.scope.current.CurrentScopeListProviderTest
Tests run: 3, Failures: 0, Errors: 0, Skipped: 0, Time elapsed: 0.291 sec - in com.cognifide.qa.bb.scope.current.CurrentScopeListProviderTest
Running com.cognifide.qa.bb.scope.current.CurrentWebElementProviderTest
Tests run: 3, Failures: 0, Errors: 0, Skipped: 0, Time elapsed: 0.102 sec - in com.cognifide.qa.bb.scope.current.CurrentWebElementProviderTest
Running com.cognifide.qa.bb.scope.frame.FramePathTest
Tests run: 10, Failures: 0, Errors: 0, Skipped: 0, Time elapsed: 0.031 sec - in com.cognifide.qa.bb.scope.frame.FramePathTest
Running com.cognifide.qa.bb.expectedconditions.UrlExpectedConditionsPageUrlContainsTest
Tests run: 6, Failures: 0, Errors: 0, Skipped: 0, Time elapsed: 0.029 sec - in com.cognifide.qa.bb.expectedconditions.UrlExpectedConditionsPageUrlContainsTest
Running com.cognifide.qa.bb.expectedconditions.UrlExpectedConditionsPageUrlIsTest
Tests run: 4, Failures: 0, Errors: 0, Skipped: 0, Time elapsed: 0.012 sec - in com.cognifide.qa.bb.expectedconditions.UrlExpectedConditionsPageUrlIsTest
Running com.cognifide.qa.bb.utils.XpathUtilsTest
Tests run: 11, Failures: 0, Errors: 0, Skipped: 0, Time elapsed: 0.015 sec - in com.cognifide.qa.bb.utils.XpathUtilsTest
Running com.cognifide.qa.bb.config.ConfigStrategyTest
Tests run: 5, Failures: 0, Errors: 0, Skipped: 0, Time elapsed: 0.069 sec - in com.cognifide.qa.bb.config.ConfigStrategyTest
Running com.cognifide.qa.bb.config.YamlConfigTest
Tests run: 6, Failures: 0, Errors: 0, Skipped: 0, Time elapsed: 0.11 sec - in com.cognifide.qa.bb.config.YamlConfigTest
Running com.cognifide.qa.bb.config.ConfigStrategyProviderTest
Tests run: 2, Failures: 0, Errors: 0, Skipped: 0, Time elapsed: 0.008 sec - in com.cognifide.qa.bb.config.ConfigStrategyProviderTest

Results :

Tests run: 79, Failures: 0, Errors: 0, Skipped: 0

[INFO]                                                                         
[INFO] ------------------------------------------------------------------------
[INFO] Building Bobcat Junit 1.4.1-SNAPSHOT
[INFO] ------------------------------------------------------------------------
[INFO] 
[INFO] --- apache-rat-plugin:0.12:check (default) @ bb-junit ---
[INFO] RAT will not execute since it is configured to be skipped via system property 'rat.skip'.
[INFO] 
[INFO] --- maven-resources-plugin:2.6:resources (default-resources) @ bb-junit ---
[INFO] Using 'UTF-8' encoding to copy filtered resources.
[INFO] skip non existing resourceDirectory /scratch/dginelli/workspace/repairnator-repairnator-experiments-Cognifide-bobcat-398189758-20180629-125213-firstCommit/bb-junit/src/main/resources
[INFO] 
[INFO] --- maven-compiler-plugin:3.3:compile (default-compile) @ bb-junit ---
[INFO] Changes detected - recompiling the module!
[INFO] Compiling 17 source files to /scratch/dginelli/workspace/repairnator-repairnator-experiments-Cognifide-bobcat-398189758-20180629-125213-firstCommit/bb-junit/target/classes
[INFO] 
[INFO] --- maven-resources-plugin:2.6:testResources (default-testResources) @ bb-junit ---
[INFO] Using 'UTF-8' encoding to copy filtered resources.
[INFO] skip non existing resourceDirectory /scratch/dginelli/workspace/repairnator-repairnator-experiments-Cognifide-bobcat-398189758-20180629-125213-firstCommit/bb-junit/src/test/resources
[INFO] 
[INFO] --- maven-compiler-plugin:3.3:testCompile (default-testCompile) @ bb-junit ---
[INFO] No sources to compile
[INFO] 
[INFO] --- maven-surefire-plugin:2.17:test (default-test) @ bb-junit ---
[INFO] No tests to run.
[INFO]                                                                         
[INFO] ------------------------------------------------------------------------
[INFO] Building Bobcat Reports 1.4.1-SNAPSHOT
[INFO] ------------------------------------------------------------------------
[INFO] 
[INFO] --- apache-rat-plugin:0.12:check (default) @ bb-reports ---
[INFO] RAT will not execute since it is configured to be skipped via system property 'rat.skip'.
[INFO] 
[INFO] --- maven-resources-plugin:2.6:resources (default-resources) @ bb-reports ---
[INFO] Using 'UTF-8' encoding to copy filtered resources.
[INFO] Copying 1 resource
[INFO] 
[INFO] --- maven-compiler-plugin:3.3:compile (default-compile) @ bb-reports ---
[INFO] Nothing to compile - all classes are up to date
[INFO] 
[INFO] --- maven-resources-plugin:2.6:testResources (default-testResources) @ bb-reports ---
[INFO] Using 'UTF-8' encoding to copy filtered resources.
[INFO] Copying 3 resources
[INFO] 
[INFO] --- maven-compiler-plugin:3.3:testCompile (default-testCompile) @ bb-reports ---
[INFO] Nothing to compile - all classes are up to date
[INFO] 
[INFO] --- maven-surefire-plugin:2.17:test (default-test) @ bb-reports ---
[INFO] Surefire report directory: /scratch/dginelli/workspace/repairnator-repairnator-experiments-Cognifide-bobcat-398189758-20180629-125213-firstCommit/bb-reports/target/surefire-reports

-------------------------------------------------------
 T E S T S
-------------------------------------------------------
Running com.cognifide.qa.bb.logging.reporter.ReporterTest
Tests run: 1, Failures: 0, Errors: 1, Skipped: 0, Time elapsed: 2.887 sec <<< FAILURE! - in com.cognifide.qa.bb.logging.reporter.ReporterTest
shouldCreateLogEntries(com.cognifide.qa.bb.logging.reporter.ReporterTest)  Time elapsed: 1.271 sec  <<< ERROR!
com.google.inject.ProvisionException: Guice provision errors:

1) Error in custom provider, org.openqa.selenium.WebDriverException: Cannot find firefox binary in PATH. Make sure firefox is installed. OS appears to be: LINUX
Build info: version: '3.11.0', revision: 'e59cfb3', time: '2018-03-11T20:26:55.152Z'
System info: host: 'b-cn0907', ip: '130.239.242.17', os.name: 'Linux', os.arch: 'amd64', os.version: '4.15.0-91-generic', java.version: '1.8.0_202'
Driver info: driver.version: FirefoxDriver
  while locating com.cognifide.qa.bb.provider.selenium.webdriver.WebDriverProvider
  while locating org.openqa.selenium.WebDriver

1 error
	at com.google.inject.internal.InjectorImpl$4.get(InjectorImpl.java:987)
	at com.google.inject.internal.InjectorImpl.getInstance(InjectorImpl.java:1009)
	at com.cognifide.qa.bb.junit.WebDriverClosingRule.after(WebDriverClosingRule.java:46)
	at org.junit.rules.ExternalResource$1.evaluate(ExternalResource.java:50)
	at org.junit.rules.RunRules.evaluate(RunRules.java:20)
	at com.cognifide.qa.bb.junit.TestRunner.runMethod(TestRunner.java:167)
	at com.cognifide.qa.bb.junit.TestRunner.runChild(TestRunner.java:127)
	at com.cognifide.qa.bb.junit.TestRunner.runChild(TestRunner.java:61)
	at org.junit.runners.ParentRunner$3.run(ParentRunner.java:290)
	at org.junit.runners.ParentRunner$1.schedule(ParentRunner.java:71)
	at org.junit.runners.ParentRunner.runChildren(ParentRunner.java:288)
	at org.junit.runners.ParentRunner.access$000(ParentRunner.java:58)
	at org.junit.runners.ParentRunner$2.evaluate(ParentRunner.java:268)
	at org.junit.runners.ParentRunner.run(ParentRunner.java:363)
	at com.cognifide.qa.bb.junit.TestRunner.run(TestRunner.java:140)
	at org.apache.maven.surefire.junit4.JUnit4Provider.execute(JUnit4Provider.java:264)
	at org.apache.maven.surefire.junit4.JUnit4Provider.executeTestSet(JUnit4Provider.java:153)
	at org.apache.maven.surefire.junit4.JUnit4Provider.invoke(JUnit4Provider.java:124)
	at org.apache.maven.surefire.booter.ForkedBooter.invokeProviderInSameClassLoader(ForkedBooter.java:200)
	at org.apache.maven.surefire.booter.ForkedBooter.runSuitesInProcess(ForkedBooter.java:153)
	at org.apache.maven.surefire.booter.ForkedBooter.main(ForkedBooter.java:103)
Caused by: org.openqa.selenium.WebDriverException: Cannot find firefox binary in PATH. Make sure firefox is installed. OS appears to be: LINUX
Build info: version: '3.11.0', revision: 'e59cfb3', time: '2018-03-11T20:26:55.152Z'
System info: host: 'b-cn0907', ip: '130.239.242.17', os.name: 'Linux', os.arch: 'amd64', os.version: '4.15.0-91-generic', java.version: '1.8.0_202'
Driver info: driver.version: FirefoxDriver
	at org.openqa.selenium.firefox.FirefoxBinary.<init>(FirefoxBinary.java:116)
	at java.util.Optional.orElseGet(Optional.java:267)
	at org.openqa.selenium.firefox.FirefoxOptions.getBinary(FirefoxOptions.java:217)
	at org.openqa.selenium.firefox.FirefoxDriver.toExecutor(FirefoxDriver.java:155)
	at org.openqa.selenium.firefox.FirefoxDriver.<init>(FirefoxDriver.java:120)
	at com.cognifide.qa.bb.provider.selenium.webdriver.WebDriverType$1.create(WebDriverType.java:61)
	at com.cognifide.qa.bb.provider.selenium.webdriver.WebDriverProvider.create(WebDriverProvider.java:107)
	at com.cognifide.qa.bb.provider.selenium.webdriver.WebDriverProvider.get(WebDriverProvider.java:98)
	at com.cognifide.qa.bb.provider.selenium.webdriver.WebDriverProvider.get(WebDriverProvider.java:48)
	at com.google.inject.internal.BoundProviderFactory.get(BoundProviderFactory.java:55)
	at com.google.inject.internal.InjectorImpl$4$1.call(InjectorImpl.java:978)
	at com.google.inject.internal.InjectorImpl.callInContext(InjectorImpl.java:1024)
	at com.google.inject.internal.InjectorImpl$4.get(InjectorImpl.java:974)
	at com.google.inject.internal.InjectorImpl.getInstance(InjectorImpl.java:1009)
	at com.cognifide.qa.bb.junit.WebDriverClosingRule.after(WebDriverClosingRule.java:46)
	at org.junit.rules.ExternalResource$1.evaluate(ExternalResource.java:50)
	at org.junit.rules.RunRules.evaluate(RunRules.java:20)
	at com.cognifide.qa.bb.junit.TestRunner.runMethod(TestRunner.java:167)
	at com.cognifide.qa.bb.junit.TestRunner.runChild(TestRunner.java:127)
	at com.cognifide.qa.bb.junit.TestRunner.runChild(TestRunner.java:61)
	at org.junit.runners.ParentRunner$3.run(ParentRunner.java:290)
	at org.junit.runners.ParentRunner$1.schedule(ParentRunner.java:71)
	at org.junit.runners.ParentRunner.runChildren(ParentRunner.java:288)
	at org.junit.runners.ParentRunner.access$000(ParentRunner.java:58)
	at org.junit.runners.ParentRunner$2.evaluate(ParentRunner.java:268)
	at org.junit.runners.ParentRunner.run(ParentRunner.java:363)
	at com.cognifide.qa.bb.junit.TestRunner.run(TestRunner.java:140)
	at org.apache.maven.surefire.junit4.JUnit4Provider.execute(JUnit4Provider.java:264)
	at org.apache.maven.surefire.junit4.JUnit4Provider.executeTestSet(JUnit4Provider.java:153)
	at org.apache.maven.surefire.junit4.JUnit4Provider.invoke(JUnit4Provider.java:124)
	at org.apache.maven.surefire.booter.ForkedBooter.invokeProviderInSameClassLoader(ForkedBooter.java:200)
	at org.apache.maven.surefire.booter.ForkedBooter.runSuitesInProcess(ForkedBooter.java:153)
	at org.apache.maven.surefire.booter.ForkedBooter.main(ForkedBooter.java:103)

Running com.cognifide.qa.bb.logging.entries.LogEntryComparatorTest
Tests run: 4, Failures: 0, Errors: 0, Skipped: 0, Time elapsed: 0.121 sec - in com.cognifide.qa.bb.logging.entries.LogEntryComparatorTest
Running com.cognifide.qa.bb.logging.ProxyLoggerTest
Tests run: 2, Failures: 0, Errors: 0, Skipped: 0, Time elapsed: 2.193 sec - in com.cognifide.qa.bb.logging.ProxyLoggerTest

Results :

Tests in error: 
  ReporterTest.shouldCreateLogEntries Â» Provision Guice provision errors:

1) Er...

Tests run: 7, Failures: 0, Errors: 1, Skipped: 0

[INFO] ------------------------------------------------------------------------
[INFO] Reactor Summary:
[INFO] 
[INFO] Bobcat ............................................. SUCCESS [  0.018 s]
[INFO] Bobcat Annotations ................................. SUCCESS [  2.612 s]
[INFO] Bobcat Core ........................................ SUCCESS [  8.325 s]
[INFO] Bobcat Junit ....................................... SUCCESS [  3.506 s]
[INFO] Bobcat Reports ..................................... FAILURE [  6.449 s]
[INFO] Bobcat Core Tests .................................. SKIPPED
[INFO] Bobcat Cumber ...................................... SKIPPED
[INFO] Bobcat Email ....................................... SKIPPED
[INFO] Bobcat Traffic ..................................... SKIPPED
[INFO] Bobcat AEM Common .................................. SKIPPED
[INFO] Bobcat AEM Classic ................................. SKIPPED
[INFO] Bobcat AEM Touch UI ................................ SKIPPED
[INFO] ------------------------------------------------------------------------
[INFO] BUILD FAILURE
[INFO] ------------------------------------------------------------------------
[INFO] Total time: 21.337 s
[INFO] Finished at: 2020-03-17T16:34:47+01:00
[INFO] Final Memory: 21M/67M
[INFO] ------------------------------------------------------------------------
[ERROR] Failed to execute goal org.apache.maven.plugins:maven-surefire-plugin:2.17:test (default-test) on project bb-reports: There are test failures.
[ERROR] 
[ERROR] Please refer to /scratch/dginelli/workspace/repairnator-repairnator-experiments-Cognifide-bobcat-398189758-20180629-125213-firstCommit/bb-reports/target/surefire-reports for the individual test results.
[ERROR] -> [Help 1]
org.apache.maven.lifecycle.LifecycleExecutionException: Failed to execute goal org.apache.maven.plugins:maven-surefire-plugin:2.17:test (default-test) on project bb-reports: There are test failures.

Please refer to /scratch/dginelli/workspace/repairnator-repairnator-experiments-Cognifide-bobcat-398189758-20180629-125213-firstCommit/bb-reports/target/surefire-reports for the individual test results.
	at org.apache.maven.lifecycle.internal.MojoExecutor.execute(MojoExecutor.java:212)
	at org.apache.maven.lifecycle.internal.MojoExecutor.execute(MojoExecutor.java:153)
	at org.apache.maven.lifecycle.internal.MojoExecutor.execute(MojoExecutor.java:145)
	at org.apache.maven.lifecycle.internal.LifecycleModuleBuilder.buildProject(LifecycleModuleBuilder.java:116)
	at org.apache.maven.lifecycle.internal.LifecycleModuleBuilder.buildProject(LifecycleModuleBuilder.java:80)
	at org.apache.maven.lifecycle.internal.builder.singlethreaded.SingleThreadedBuilder.build(SingleThreadedBuilder.java:51)
	at org.apache.maven.lifecycle.internal.LifecycleStarter.execute(LifecycleStarter.java:128)
	at org.apache.maven.DefaultMaven.doExecute(DefaultMaven.java:307)
	at org.apache.maven.DefaultMaven.doExecute(DefaultMaven.java:193)
	at org.apache.maven.DefaultMaven.execute(DefaultMaven.java:106)
	at org.apache.maven.cli.MavenCli.execute(MavenCli.java:863)
	at org.apache.maven.cli.MavenCli.doMain(MavenCli.java:288)
	at org.apache.maven.cli.MavenCli.main(MavenCli.java:199)
	at sun.reflect.NativeMethodAccessorImpl.invoke0(Native Method)
	at sun.reflect.NativeMethodAccessorImpl.invoke(NativeMethodAccessorImpl.java:62)
	at sun.reflect.DelegatingMethodAccessorImpl.invoke(DelegatingMethodAccessorImpl.java:43)
	at java.lang.reflect.Method.invoke(Method.java:498)
	at org.codehaus.plexus.classworlds.launcher.Launcher.launchEnhanced(Launcher.java:289)
	at org.codehaus.plexus.classworlds.launcher.Launcher.launch(Launcher.java:229)
	at org.codehaus.plexus.classworlds.launcher.Launcher.mainWithExitCode(Launcher.java:415)
	at org.codehaus.plexus.classworlds.launcher.Launcher.main(Launcher.java:356)
Caused by: org.apache.maven.plugin.MojoFailureException: There are test failures.

Please refer to /scratch/dginelli/workspace/repairnator-repairnator-experiments-Cognifide-bobcat-398189758-20180629-125213-firstCommit/bb-reports/target/surefire-reports for the individual test results.
	at org.apache.maven.plugin.surefire.SurefireHelper.reportExecution(SurefireHelper.java:82)
	at org.apache.maven.plugin.surefire.SurefirePlugin.handleSummary(SurefirePlugin.java:195)
	at org.apache.maven.plugin.surefire.AbstractSurefireMojo.executeAfterPreconditionsChecked(AbstractSurefireMojo.java:861)
	at org.apache.maven.plugin.surefire.AbstractSurefireMojo.execute(AbstractSurefireMojo.java:729)
	at org.apache.maven.plugin.DefaultBuildPluginManager.executeMojo(DefaultBuildPluginManager.java:134)
	at org.apache.maven.lifecycle.internal.MojoExecutor.execute(MojoExecutor.java:207)
	... 20 more
[ERROR] 
[ERROR] Re-run Maven using the -X switch to enable full debug logging.
[ERROR] 
[ERROR] For more information about the errors and possible solutions, please read the following articles:
[ERROR] [Help 1] http://cwiki.apache.org/confluence/display/MAVEN/MojoFailureException
[ERROR] 
[ERROR] After correcting the problems, you can resume the build with the command
[ERROR]   mvn <goals> -rf :bb-reports
